INFO:     Started server process [14640]
INFO:     Waiting for application startup.
INFO:     Application startup complete.
INFO:     Uvicorn running on http://127.0.0.1:8000 (Press CTRL+C to quit)
INFO:     127.0.0.1:49420 - "POST /analysis/run HTTP/1.1" 200 OK
[server] әРј® ҪГАЫ: C:\Users\3class_007\AppData\Local\Programs\Python\Python314\python.exe C:\Users\3class_007\git\ERP_Project\ERP\DAP\main.py
INFO:     127.0.0.1:49420 - "GET /status HTTP/1.1" 200 OK
INFO:     127.0.0.1:49420 - "GET /status HTTP/1.1" 200 OK
INFO:     127.0.0.1:49420 - "GET /status HTTP/1.1" 200 OK
INFO:     127.0.0.1:49420 - "GET /status HTTP/1.1" 200 OK
[server] өҘАМЕН ҫчөҘАМЖ® ҝП·б - 11:23:01
[server] Ўж Spring journal: 200
[server] Ўж Spring statement: 200
[server] Ўж Spring result: 200
[server] Ўж Spring result: 200
[server] Ўж Spring excel/register: 200
INFO:     127.0.0.1:49436 - "POST /internal/update HTTP/1.1" 200 OK

============================================================
[main] л¶„м„қ мӢңмһ‘: 2026-03-31 11:22:56
[main] л¶„м„қ кё°к°„: 2026л…„ м „мІҙ
============================================================

[Step 1] лҚ°мқҙн„° мҲҳмӢ  мӨ‘...
  orders: 93271, order_items: 93271
  purchases: 196, purchase_items: 749
  expenses: 212, payrolls: 276
  ingredients: 17, stock_logs: 3259
  employees: 10, menus: 16, categories: 9

[Step 2] л§Өм¶ңл¶„к°ң мғқм„ұ мӨ‘...

[Step 3] мһ¬л¬ҙм ңн‘ң кі„мӮ° мӨ‘...
  [м „кё°] 2025л…„ м „мІҙ
  [м „кё°] 2024л…„ м „мІҙ
  [м „кё°] 2023л…„ м „мІҙ
  [м „кё°] 2022л…„ м „мІҙ
  [м „кё°] 2021л…„ м „мІҙ
  [м „кё°] лҚ°мқҙн„° м—ҶмқҢ вҶ’ мҙҲкё°мһҗліё(100,000,000мӣҗ)л§Ң л°ҳмҳҒ

[Step 4] мҳҲмёЎ кі„мӮ° мӨ‘...

[Step 5] м—‘м…Җ мғқм„ұ мӨ‘...
[excel] м ҖмһҘ мҷ„лЈҢ: C:\Users\3class_007\git\ERP_Project\ERP\src\main\resources\static\uploads\excel\мһ¬л¬ҙл¶„м„қ_2026л…„_260331_112259.xlsx

[Step 6] FastAPI м„ңлІ„ м—…лҚ°мқҙнҠё мӨ‘...
[Step 6] FastAPI м—…лҚ°мқҙнҠё м„ұкіө

============================================================
[main] л¶„м„қ мҷ„лЈҢ - мҶҢмҡ”мӢңк°„: 5мҙҲ
[main] м—‘м…Җ м ҖмһҘ: C:\Users\3class_007\git\ERP_Project\ERP\src\main\resources\static\uploads\excel\мһ¬л¬ҙл¶„м„қ_2026л…„_260331_112259.xlsx
============================================================

[server] әРј® ҝП·б (returncode=0)
INFO:     127.0.0.1:49420 - "GET /status HTTP/1.1" 200 OK
